Running: C:\Xilinx\14.7\ISE_DS\ISE\bin\nt64\unwrapped\fuse.exe -intstyle ise -incremental -o D:/procesadores/procesador_1/TB_adder_isim_beh.exe -prj D:/procesadores/procesador_1/TB_adder_beh.prj work.TB_adder 
ISim P.20131013 (signature 0x7708f090)
Number of CPUs detected in this system: 4
Turning on mult-threading, number of parallel sub-compilation jobs: 8 
Determining compilation order of HDL files
Parsing VHDL file "D:/procesadores/procesador_1/adder.vhd" into library work
Parsing VHDL file "D:/procesadores/procesador_1/TB_adder.vhd" into library work
Starting static elaboration
Completed static elaboration
Compiling package standard
Compiling package std_logic_1164
Compiling package numeric_std
Compiling package std_logic_arith
Compiling package std_logic_unsigned
Compiling architecture behavioral of entity adder [adder_default]
Compiling architecture behavior of entity tb_adder
Time Resolution for simulation is 1ps.
Waiting for 1 sub-compilation(s) to finish...
Compiled 8 VHDL Units
Built simulation executable D:/procesadores/procesador_1/TB_adder_isim_beh.exe
Fuse Memory Usage: 35984 KB
Fuse CPU Usage: 826 ms
