Command line:
   TB_win_isim_beh.exe
     -simmode  gui
     -simrunnum  0
     -socket  49447

Thu May 10 19:45:54 2018


 Elaboration Time: 0.156001 sec

 Current Memory Usage: 663.417 Meg

 Total Signals          : 23
 Total Nets             : 48
 Total Signal Drivers   : 13
 Total Blocks           : 5
 Total Primitive Blocks : 4
 Total Processes        : 5
 Total Traceable Variables  : 10
 Total Scalar Nets and Variables : 426
Total Line Count : 30

 Total Simulation Time: 0.171601 sec

 Current Memory Usage: 663.417 Meg

Thu May 10 19:48:20 2018

